<?xml version="1.0" encoding="UTF-8"?>
<!-- Generated by org.testng.reporters.JUnitReportReporter -->
<testsuite skipped="0" hostname="Tarun-PC" name="api.weatherdetails1" tests="1" failures="0" timestamp="15 Apr 2018 17:48:31 GMT" time="8.546" errors="0">
  <testcase name="getWeatherDetails" time="8.546" classname="api.weatherdetails1"/>
</testsuite> <!-- api.weatherdetails1 -->
