<?xml version="1.0" encoding="UTF-8"?>
<!-- Generated by org.testng.reporters.JUnitReportReporter -->
<testsuite skipped="0" hostname="Tarun-PC" name="api.weatherDetails" tests="1" failures="0" timestamp="14 Apr 2018 09:12:43 GMT" time="5.132" errors="0">
  <testcase name="getWeatherDetails" time="5.132" classname="api.weatherDetails"/>
</testsuite> <!-- api.weatherDetails -->
