<?xml version="1.0" encoding="UTF-8"?>
<!-- Generated by org.testng.reporters.JUnitReportReporter -->
<testsuite skipped="0" hostname="Tarun-PC" name="api.UploadExcel_test" tests="1" failures="0" timestamp="22 Apr 2018 15:05:42 GMT" time="49.585" errors="0">
  <testcase name="uploadExcel" time="49.585" classname="api.UploadExcel_test"/>
</testsuite> <!-- api.UploadExcel_test -->
