<?xml version="1.0" encoding="UTF-8"?>
<!-- Generated by org.testng.reporters.JUnitReportReporter -->
<testsuite skipped="0" hostname="Tarun-PC" name="api.booksDetails" tests="1" failures="0" timestamp="16 Apr 2018 05:53:20 GMT" time="6.637" errors="0">
  <testcase name="getBooksDetails" time="6.637" classname="api.booksDetails"/>
</testsuite> <!-- api.booksDetails -->
